c:\users\dieungocbao\desktop\1512023_ribbon\ribbonpaint\ribbonpaint\release\ribbonpaint.pch
c:\users\dieungocbao\desktop\1512023_ribbon\ribbonpaint\ribbonpaint\release\vc141.pdb
c:\users\dieungocbao\desktop\1512023_ribbon\ribbonpaint\ribbonpaint\release\stdafx.obj
c:\users\dieungocbao\desktop\1512023_ribbon\ribbonpaint\ribbonpaint\release\ribbonpaint.obj
c:\users\dieungocbao\desktop\1512023_ribbon\ribbonpaint\ribbonpaint\release\ribbonframework.obj
c:\users\dieungocbao\desktop\1512023_ribbon\ribbonpaint\ribbonpaint\release\commandhandler.obj
c:\users\dieungocbao\desktop\1512023_ribbon\ribbonpaint\ribbonpaint\release\application.obj
c:\users\dieungocbao\desktop\1512023_ribbon\ribbonpaint\ribbonpaint\ribbon.bml
c:\users\dieungocbao\desktop\1512023_ribbon\ribbonpaint\ribbonpaint\ribbonids.h
c:\users\dieungocbao\desktop\1512023_ribbon\ribbonpaint\ribbonpaint\ribbon.rc
c:\users\dieungocbao\desktop\1512023_ribbon\ribbonpaint\release\ribbonpaint.exe
c:\users\dieungocbao\desktop\1512023_ribbon\ribbonpaint\release\ribbonpaint.pdb
c:\users\dieungocbao\desktop\1512023_ribbon\ribbonpaint\ribbonpaint\release\ribbon.res
c:\users\dieungocbao\desktop\1512023_ribbon\ribbonpaint\ribbonpaint\release\ribbonpaint.res
c:\users\dieungocbao\desktop\1512023_ribbon\ribbonpaint\release\ribbonpaint.ipdb
c:\users\dieungocbao\desktop\1512023_ribbon\ribbonpaint\release\ribbonpaint.iobj
c:\users\dieungocbao\desktop\1512023_ribbon\ribbonpaint\ribbonpaint\release\ribbonpaint.tlog\cl.command.1.tlog
c:\users\dieungocbao\desktop\1512023_ribbon\ribbonpaint\ribbonpaint\release\ribbonpaint.tlog\cl.read.1.tlog
c:\users\dieungocbao\desktop\1512023_ribbon\ribbonpaint\ribbonpaint\release\ribbonpaint.tlog\cl.write.1.tlog
c:\users\dieungocbao\desktop\1512023_ribbon\ribbonpaint\ribbonpaint\release\ribbonpaint.tlog\custombuild.command.1.tlog
c:\users\dieungocbao\desktop\1512023_ribbon\ribbonpaint\ribbonpaint\release\ribbonpaint.tlog\custombuild.read.1.tlog
c:\users\dieungocbao\desktop\1512023_ribbon\ribbonpaint\ribbonpaint\release\ribbonpaint.tlog\custombuild.write.1.tlog
c:\users\dieungocbao\desktop\1512023_ribbon\ribbonpaint\ribbonpaint\release\ribbonpaint.tlog\link.command.1.tlog
c:\users\dieungocbao\desktop\1512023_ribbon\ribbonpaint\ribbonpaint\release\ribbonpaint.tlog\link.read.1.tlog
c:\users\dieungocbao\desktop\1512023_ribbon\ribbonpaint\ribbonpaint\release\ribbonpaint.tlog\link.write.1.tlog
c:\users\dieungocbao\desktop\1512023_ribbon\ribbonpaint\ribbonpaint\release\ribbonpaint.tlog\rc.command.1.tlog
c:\users\dieungocbao\desktop\1512023_ribbon\ribbonpaint\ribbonpaint\release\ribbonpaint.tlog\rc.read.1.tlog
c:\users\dieungocbao\desktop\1512023_ribbon\ribbonpaint\ribbonpaint\release\ribbonpaint.tlog\rc.write.1.tlog
c:\users\dieungocbao\desktop\1512023_ribbon\ribbonpaint\ribbonpaint\release\ribbonpaint.tlog\ribbonpaint.write.1u.tlog
